#
# A fatal error has been detected by the Java Runtime Environment:
#
#  EXCEPTION_ACCESS_VIOLATION (0xc0000005) at pc=0x00007ffa58e68d02, pid=28072, tid=10864
#
# JRE version: OpenJDK Runtime Environment (21.0.6) (build 21.0.6+-13391695-b895.109)
# Java VM: OpenJDK 64-Bit Server VM (21.0.6+-13391695-b895.109, mixed mode, tiered, compressed oops, compressed class ptrs, g1 gc, windows-amd64)
# Problematic frame:
# V  [jvm.dll+0x6f8d02]
#
# No core dump will be written. Minidumps are not enabled by default on client versions of Windows
#
# If you would like to submit a bug report, please visit:
#   https://youtrack.jetbrains.com/issues/JBR
#

---------------  S U M M A R Y ------------

Command Line: --add-opens=java.base/java.lang=ALL-UNNAMED --add-opens=java.base/java.lang.invoke=ALL-UNNAMED --add-opens=java.base/java.util=ALL-UNNAMED --add-opens=java.prefs/java.util.prefs=ALL-UNNAMED --add-exports=jdk.compiler/com.sun.tools.javac.api=ALL-UNNAMED --add-exports=jdk.compiler/com.sun.tools.javac.util=ALL-UNNAMED --add-opens=java.base/java.util=ALL-UNNAMED --add-opens=java.prefs/java.util.prefs=ALL-UNNAMED --add-opens=java.base/java.nio.charset=ALL-UNNAMED --add-opens=java.base/java.net=ALL-UNNAMED --add-opens=java.base/java.util.concurrent.atomic=ALL-UNNAMED --add-opens=java.xml/javax.xml.namespace=ALL-UNNAMED -Xmx2048m -Dfile.encoding=UTF-8 -Duser.country=US -Duser.language=en -Duser.variant -javaagent:C:\Users\Ankit\.gradle\wrapper\dists\gradle-8.13-bin\5xuhj0ry160q40clulazy9h7d\gradle-8.13\lib\agents\gradle-instrumentation-agent-8.13.jar org.gradle.launcher.daemon.bootstrap.GradleDaemon 8.13

Host: 11th Gen Intel(R) Core(TM) i7-1165G7 @ 2.80GHz, 8 cores, 15G,  Windows 11 , 64 bit Build 26100 (10.0.26100.7309)
Time: Fri Dec 19 16:03:09 2025 India Standard Time elapsed time: 7.908538 seconds (0d 0h 0m 7s)

---------------  T H R E A D  ---------------

Current thread (0x000001fc19860e80):  JavaThread "C2 CompilerThread0" daemon [_thread_in_native, id=10864, stack(0x0000002570600000,0x0000002570700000) (1024K)]


Current CompileTask:
C2:7908 4268       4       java.lang.invoke.InvokerBytecodeGenerator::<init> (80 bytes)

Stack: [0x0000002570600000,0x0000002570700000],  sp=0x00000025706fc0c0,  free space=1008k
Native frames: (J=compiled Java code, j=interpreted, Vv=VM code, C=native code)
V  [jvm.dll+0x6f8d02]
V  [jvm.dll+0x6f9a76]
V  [jvm.dll+0x6f7679]
V  [jvm.dll+0x2497e8]
V  [jvm.dll+0x24714e]
V  [jvm.dll+0x1c5f04]
V  [jvm.dll+0x2569ac]
V  [jvm.dll+0x254ef6]
V  [jvm.dll+0x3f0e96]
V  [jvm.dll+0x806ed8]
V  [jvm.dll+0x6cef0d]
C  [ucrtbase.dll+0x37b0]
C  [KERNEL32.DLL+0x2e8d7]
C  [ntdll.dll+0x8c53c]


siginfo: EXCEPTION_ACCESS_VIOLATION (0xc0000005), reading address 0x0000000000000428


Registers:
RAX=0x0000000000000400, RBX=0x000001fc1f1273c8, RCX=0x000000000000000e, RDX=0x0000000000000000
RSP=0x00000025706fc0c0, RBP=0x00000025706fc179, RSI=0x00000025706fccc0, RDI=0x00000025706fc110
R8 =0x0000000000001768, R9 =0x000001fc20a3fe40, R10=0x0000000000000d13, R11=0x000001fc1e76c290
R12=0x0000000000000000, R13=0x00000025706fccc0, R14=0x0000000000000000, R15=0x0000000000000002
RIP=0x00007ffa58e68d02, EFLAGS=0x0000000000010283

XMM[0]=0x0000000000000000 0x0000000000000000
XMM[1]=0x000001fc1fce3da8 0x000001fc1e76c1c0
XMM[2]=0x000001fc22fd8508 0x000001fc1fce4900
XMM[3]=0x0000000000000000 0x0000000000000000
XMM[4]=0x0000000000000000 0x0000000000000000
XMM[5]=0x0000000000000000 0x0000000000000000
XMM[6]=0x0000000000000000 0x0000000000000000
XMM[7]=0x0000000000000000 0x0000000000000000
XMM[8]=0x0000000000000000 0x0000000000000000
XMM[9]=0x0000000000000000 0x0000000000000000
XMM[10]=0x0000000000000000 0x0000000000000000
XMM[11]=0x0000000000000000 0x0000000000000000
XMM[12]=0x0000000000000000 0x0000000000000000
XMM[13]=0x0000000000000000 0x0000000000000000
XMM[14]=0x0000000000000000 0x0000000000000000
XMM[15]=0x0000000000000000 0x0000000000000000
  MXCSR=0x00001fa0


Register to memory mapping:

RAX=0x0000000000000400 is an unknown value
RBX=0x000001fc1f1273c8 points into unknown readable memory: 0x00000025706fe520 | 20 e5 6f 70 25 00 00 00
RCX=0x000000000000000e is an unknown value
RDX=0x0 is null
RSP=0x00000025706fc0c0 is pointing into the stack for thread: 0x000001fc19860e80
RBP=0x00000025706fc179 is pointing into the stack for thread: 0x000001fc19860e80
RSI=0x00000025706fccc0 is pointing into the stack for thread: 0x000001fc19860e80
RDI=0x00000025706fc110 is pointing into the stack for thread: 0x000001fc19860e80
R8 =0x0000000000001768 is an unknown value
R9 =0x000001fc20a3fe40 points into unknown readable memory: 0x0000000000000000 | 00 00 00 00 00 00 00 00
R10=0x0000000000000d13 is an unknown value
R11=0x000001fc1e76c290 points into unknown readable memory: 0x00007ffa59024a40 | 40 4a 02 59 fa 7f 00 00
R12=0x0 is null
R13=0x00000025706fccc0 is pointing into the stack for thread: 0x000001fc19860e80
R14=0x0 is null
R15=0x0000000000000002 is an unknown value

Top of Stack: (sp=0x00000025706fc0c0)
0x00000025706fc0c0:   000001fc1e76c248 00007ffa58e69a76
0x00000025706fc0d0:   0000000000000000 0000000000000001
0x00000025706fc0e0:   000001fc1e76c248 0000000000000001
0x00000025706fc0f0:   000001fc198306f0 00007ffa00000800
0x00000025706fc100:   000001fc1fe38ec0 000001fc0000067b
0x00000025706fc110:   000001fc00000080 000001fc1fe38cc0
0x00000025706fc120:   0000000000000080 000001fc198306f0
0x00000025706fc130:   0000002500000000 0000000000000000
0x00000025706fc140:   000001fc198306f0 0000000000001000
0x00000025706fc150:   000001fc22711790 0000000000000000
0x00000025706fc160:   0000000000000000 000001fc198306f0
0x00000025706fc170:   000001fc2167d8d0 0000000000010388
0x00000025706fc180:   000001fc21682170 000001fc216858b8
0x00000025706fc190:   000001fc00000080 0000000000000000
0x00000025706fc1a0:   00007ffa590c47b8 000001fc01fde4f0
0x00000025706fc1b0:   0000000000000034 00007ffa590c47f0
0x00000025706fc1c0:   0000000000000000 00000025706fccc0
0x00000025706fc1d0:   00000025706fc310 00007ffa58e67679
0x00000025706fc1e0:   00000025706fccc0 000001fc1e76c1c0
0x00000025706fc1f0:   000001fc1fce4010 0000000000000008
0x00000025706fc200:   00000025706fe3f0 00007ffa589b97e8
0x00000025706fc210:   00000025706fe3f0 0000000000000000
0x00000025706fc220:   000001fc216858b8 00000025706fc310
0x00000025706fc230:   000001fc21150a00 00007ffa58f898df
0x00000025706fc240:   000001fc21ff0000 0000000000000000
0x00000025706fc250:   0000000000000000 00007ffa58f89100
0x00000025706fc260:   000001fc21fff2a8 00007ffa590c47f0
0x00000025706fc270:   0000000000000000 0000000000000000
0x00000025706fc280:   0000000000000000 00007ffa590c47f0
0x00000025706fc290:   000001fc21fff100 00007ffa58f895e2
0x00000025706fc2a0:   000001fc21150a40 00007ffa5895dbd0
0x00000025706fc2b0:   0000000000000001 0000000000000005 

Instructions: (pc=0x00007ffa58e68d02)
0x00007ffa58e68c02:   08 72 0a 48 8d 41 08 49 89 41 18 eb 12 45 33 c0
0x00007ffa58e68c12:   49 8b c9 41 8d 50 08 e8 82 77 9c ff 48 8b c8 48
0x00007ffa58e68c22:   89 4e 10 4c 89 29 8b 6e 08 8d 53 01 85 d2 74 04
0x00007ffa58e68c32:   85 d3 74 0c 0f bd ca ba 01 00 00 00 ff c1 d3 e2
0x00007ffa58e68c42:   48 8b 0e 44 8b ca 8b c5 89 56 08 48 8b 56 10 49
0x00007ffa58e68c52:   c1 e1 03 48 8d 3c c5 00 00 00 00 44 89 6c 24 20
0x00007ffa58e68c62:   4c 8b c7 e8 56 73 9c ff 44 8b 46 08 33 d2 44 2b
0x00007ffa58e68c72:   c5 48 89 46 10 49 c1 e0 03 48 8d 0c 07 e8 7e 70
0x00007ffa58e68c82:   19 00 48 8b 46 10 4d 89 24 06 49 8b 57 28 ff c3
0x00007ffa58e68c92:   3b 5a 08 0f 82 15 ff ff ff 4c 8b 74 24 30 4c 8b
0x00007ffa58e68ca2:   64 24 38 48 8b 7c 24 70 48 8b 74 24 68 48 8b 6c
0x00007ffa58e68cb2:   24 60 48 83 c4 40 41 5f 41 5d 5b c3 cc cc 48 89
0x00007ffa58e68cc2:   5c 24 08 48 89 74 24 10 57 48 8b 59 20 48 8b fa
0x00007ffa58e68cd2:   48 8b f1 8b 43 08 4c 8b 5b 20 85 c0 74 4d 45 33
0x00007ffa58e68ce2:   c0 44 8b d0 66 66 0f 1f 84 00 00 00 00 00 4c 8b
0x00007ffa58e68cf2:   4b 18 4b 8b 04 01 48 85 c0 74 26 49 3b c3 74 21
0x00007ffa58e68d02:   8b 48 28 8b c1 c1 e8 05 3b 07 73 11 8b d0 83 e1
0x00007ffa58e68d12:   1f 48 8b 47 08 8b 04 90 0f a3 c8 72 04 4f 89 1c
0x00007ffa58e68d22:   01 49 83 c0 08 49 83 ea 01 75 c3 48 8d 4e 30 33
0x00007ffa58e68d32:   d2 41 b8 30 09 00 00 48 8b 5c 24 10 48 8b 74 24
0x00007ffa58e68d42:   18 5f e9 b9 6f 19 00 cc cc cc cc cc cc cc 40 53
0x00007ffa58e68d52:   41 54 41 55 48 83 ec 40 4c 8b e9 48 8b da 48 8b
0x00007ffa58e68d62:   49 10 48 89 4c 24 70 45 8b 65 20 49 ff cc 4e 8d
0x00007ffa58e68d72:   24 e1 4c 89 64 24 60 4c 3b e1 0f 82 ad 01 00 00
0x00007ffa58e68d82:   44 8b 05 af 0a 4f 00 65 48 8b 04 25 58 00 00 00
0x00007ffa58e68d92:   48 89 6c 24 68 48 89 74 24 38 48 89 7c 24 30 4c
0x00007ffa58e68da2:   89 74 24 28 4c 89 7c 24 20 4e 8d 3c c0 90 49 8b
0x00007ffa58e68db2:   3c 24 45 33 f6 33 ed 44 8b 47 1c 45 85 c0 0f 84
0x00007ffa58e68dc2:   38 01 00 00 41 bc 34 00 00 00 0f 1f 40 00 4c 8b
0x00007ffa58e68dd2:   4f 08 48 8d 34 ed 00 00 00 00 4e 8b 14 0e 4e 8d
0x00007ffa58e68de2:   1c 0e 4d 3b d5 0f 85 f8 00 00 00 8b 47 18 3b e8
0x00007ffa58e68df2:   73 79 4d 85 d2 74 2e 49 8b 4a 10 48 85 c9 74 25 


Stack slot to memory mapping:

stack at sp + 0 slots: 0x000001fc1e76c248 points into unknown readable memory: 0x00007ffa590b1f60 | 60 1f 0b 59 fa 7f 00 00
stack at sp + 1 slots: 0x00007ffa58e69a76 jvm.dll
stack at sp + 2 slots: 0x0 is null
stack at sp + 3 slots: 0x0000000000000001 is an unknown value
stack at sp + 4 slots: 0x000001fc1e76c248 points into unknown readable memory: 0x00007ffa590b1f60 | 60 1f 0b 59 fa 7f 00 00
stack at sp + 5 slots: 0x0000000000000001 is an unknown value
stack at sp + 6 slots: 0x000001fc198306f0 points into unknown readable memory: 0x000001fc7fc27007 | 07 70 c2 7f fc 01 00 00
stack at sp + 7 slots: 0x00007ffa00000800 is an unknown value


---------------  P R O C E S S  ---------------

Threads class SMR info:
_java_thread_list=0x000001fc20559b80, length=32, elements={
0x000001fc7fc270f0, 0x000001fc1982c6f0, 0x000001fc1982f150, 0x000001fc19817220,
0x000001fc1981a720, 0x000001fc1981b170, 0x000001fc19839fd0, 0x000001fc19860e80,
0x000001fc19862230, 0x000001fc1997fcd0, 0x000001fc19aee430, 0x000001fc19862900,
0x000001fc1fadcd00, 0x000001fc1fa6fac0, 0x000001fc1fa148e0, 0x000001fc1fafb780,
0x000001fc1fb0f2d0, 0x000001fc1f9a2440, 0x000001fc1f9a2e70, 0x000001fc1f9a5360,
0x000001fc1fc38b40, 0x000001fc1fc391d0, 0x000001fc1fc39ef0, 0x000001fc1fc39860,
0x000001fc1fc3a580, 0x000001fc1fc3b2a0, 0x000001fc1fc3b930, 0x000001fc1fc3bfc0,
0x000001fc228b67c0, 0x000001fc198651e0, 0x000001fc228b5410, 0x000001fc228b5aa0
}

Java Threads: ( => current thread )
  0x000001fc7fc270f0 JavaThread "main"                              [_thread_blocked, id=25112, stack(0x000000256f800000,0x000000256f900000) (1024K)]
  0x000001fc1982c6f0 JavaThread "Reference Handler"          daemon [_thread_blocked, id=4412, stack(0x0000002570000000,0x0000002570100000) (1024K)]
  0x000001fc1982f150 JavaThread "Finalizer"                  daemon [_thread_blocked, id=28464, stack(0x0000002570100000,0x0000002570200000) (1024K)]
  0x000001fc19817220 JavaThread "Signal Dispatcher"          daemon [_thread_blocked, id=21620, stack(0x0000002570200000,0x0000002570300000) (1024K)]
  0x000001fc1981a720 JavaThread "Attach Listener"            daemon [_thread_blocked, id=18660, stack(0x0000002570300000,0x0000002570400000) (1024K)]
  0x000001fc1981b170 JavaThread "Service Thread"             daemon [_thread_blocked, id=22052, stack(0x0000002570400000,0x0000002570500000) (1024K)]
  0x000001fc19839fd0 JavaThread "Monitor Deflation Thread"   daemon [_thread_blocked, id=22948, stack(0x0000002570500000,0x0000002570600000) (1024K)]
=>0x000001fc19860e80 JavaThread "C2 CompilerThread0"         daemon [_thread_in_native, id=10864, stack(0x0000002570600000,0x0000002570700000) (1024K)]
  0x000001fc19862230 JavaThread "C1 CompilerThread0"         daemon [_thread_blocked, id=16992, stack(0x0000002570700000,0x0000002570800000) (1024K)]
  0x000001fc1997fcd0 JavaThread "Common-Cleaner"             daemon [_thread_blocked, id=26284, stack(0x0000002570800000,0x0000002570900000) (1024K)]
  0x000001fc19aee430 JavaThread "Notification Thread"        daemon [_thread_blocked, id=13112, stack(0x0000002570900000,0x0000002570a00000) (1024K)]
  0x000001fc19862900 JavaThread "C2 CompilerThread1"         daemon [_thread_blocked, id=18396, stack(0x0000002570a00000,0x0000002570b00000) (1024K)]
  0x000001fc1fadcd00 JavaThread "Daemon health stats"               [_thread_blocked, id=14324, stack(0x0000002571200000,0x0000002571300000) (1024K)]
  0x000001fc1fa6fac0 JavaThread "Incoming local TCP Connector on port 53019"        [_thread_in_native, id=6504, stack(0x0000002571300000,0x0000002571400000) (1024K)]
  0x000001fc1fa148e0 JavaThread "Daemon periodic checks"            [_thread_blocked, id=28480, stack(0x0000002571400000,0x0000002571500000) (1024K)]
  0x000001fc1fafb780 JavaThread "Daemon"                            [_thread_blocked, id=18492, stack(0x0000002571500000,0x0000002571600000) (1024K)]
  0x000001fc1fb0f2d0 JavaThread "Handler for socket connection from /127.0.0.1:53019 to /127.0.0.1:53020"        [_thread_in_native, id=20780, stack(0x0000002571600000,0x0000002571700000) (1024K)]
  0x000001fc1f9a2440 JavaThread "Cancel handler"                    [_thread_blocked, id=22856, stack(0x0000002571700000,0x0000002571800000) (1024K)]
  0x000001fc1f9a2e70 JavaThread "Daemon worker"                     [_thread_in_native, id=12332, stack(0x0000002571800000,0x0000002571900000) (1024K)]
  0x000001fc1f9a5360 JavaThread "Asynchronous log dispatcher for DefaultDaemonConnection: socket connection from /127.0.0.1:53019 to /127.0.0.1:53020"        [_thread_blocked, id=10796, stack(0x0000002571900000,0x0000002571a00000) (1024K)]
  0x000001fc1fc38b40 JavaThread "Stdin handler"                     [_thread_blocked, id=23032, stack(0x0000002571a00000,0x0000002571b00000) (1024K)]
  0x000001fc1fc391d0 JavaThread "Daemon client event forwarder"        [_thread_blocked, id=784, stack(0x0000002571b00000,0x0000002571c00000) (1024K)]
  0x000001fc1fc39ef0 JavaThread "Cache worker for journal cache (C:\Users\Ankit\.gradle\caches\journal-1)"        [_thread_blocked, id=13348, stack(0x0000002571d00000,0x0000002571e00000) (1024K)]
  0x000001fc1fc39860 JavaThread "File lock request listener"        [_thread_in_native, id=10712, stack(0x0000002571e00000,0x0000002571f00000) (1024K)]
  0x000001fc1fc3a580 JavaThread "Cache worker for file hash cache (C:\Users\Ankit\.gradle\caches\8.13\fileHashes)"        [_thread_blocked, id=19540, stack(0x0000002571f00000,0x0000002572000000) (1024K)]
  0x000001fc1fc3b2a0 JavaThread "Cache worker for file hash cache (C:\Users\Ankit\AndroidStudioProjects\mediconnect_ai_copy\.gradle\8.13\fileHashes)"        [_thread_blocked, id=15060, stack(0x0000002572000000,0x0000002572100000) (1024K)]
  0x000001fc1fc3b930 JavaThread "Cache worker for Build Output Cleanup Cache (C:\Users\Ankit\AndroidStudioProjects\mediconnect_ai_copy\.gradle\buildOutputCleanup)"        [_thread_blocked, id=25160, stack(0x0000002572100000,0x0000002572200000) (1024K)]
  0x000001fc1fc3bfc0 JavaThread "File watcher server"        daemon [_thread_in_native, id=7836, stack(0x0000002572200000,0x0000002572300000) (1024K)]
  0x000001fc228b67c0 JavaThread "File watcher consumer"      daemon [_thread_blocked, id=27792, stack(0x0000002572300000,0x0000002572400000) (1024K)]
  0x000001fc198651e0 JavaThread "C2 CompilerThread2"         daemon [_thread_blocked, id=12248, stack(0x0000002572400000,0x0000002572500000) (1024K)]
  0x000001fc228b5410 JavaThread "Cache worker for checksums cache (C:\Users\Ankit\AndroidStudioProjects\mediconnect_ai_copy\.gradle\8.13\checksums)"        [_thread_blocked, id=23556, stack(0x0000002572500000,0x0000002572600000) (1024K)]
  0x000001fc228b5aa0 JavaThread "Cache worker for file content cache (C:\Users\Ankit\.gradle\caches\8.13\fileContent)"        [_thread_blocked, id=7492, stack(0x0000002572600000,0x0000002572700000) (1024K)]
Total: 32

Other Threads:
  0x000001fc19796930 VMThread "VM Thread"                           [id=19776, stack(0x000000256ff00000,0x0000002570000000) (1024K)]
  0x000001fc19771ba0 WatcherThread "VM Periodic Task Thread"        [id=12000, stack(0x000000256fe00000,0x000000256ff00000) (1024K)]
  0x000001fc02035530 WorkerThread "GC Thread#0"                     [id=26640, stack(0x000000256f900000,0x000000256fa00000) (1024K)]
  0x000001fc1e1cfa80 WorkerThread "GC Thread#1"                     [id=21412, stack(0x0000002570c00000,0x0000002570d00000) (1024K)]
  0x000001fc1e778880 WorkerThread "GC Thread#2"                     [id=15748, stack(0x0000002570d00000,0x0000002570e00000) (1024K)]
  0x000001fc1e778c20 WorkerThread "GC Thread#3"                     [id=12328, stack(0x0000002570e00000,0x0000002570f00000) (1024K)]
  0x000001fc1e76fd80 WorkerThread "GC Thread#4"                     [id=444, stack(0x0000002570f00000,0x0000002571000000) (1024K)]
  0x000001fc1e770120 WorkerThread "GC Thread#5"                     [id=19108, stack(0x0000002571000000,0x0000002571100000) (1024K)]
  0x000001fc1eed45e0 WorkerThread "GC Thread#6"                     [id=14992, stack(0x0000002570b00000,0x0000002570c00000) (1024K)]
  0x000001fc1f937d30 WorkerThread "GC Thread#7"                     [id=17384, stack(0x0000002571100000,0x0000002571200000) (1024K)]
  0x000001fc02046420 ConcurrentGCThread "G1 Main Marker"            [id=28144, stack(0x000000256fa00000,0x000000256fb00000) (1024K)]
  0x000001fc02046e30 WorkerThread "G1 Conc#0"                       [id=27532, stack(0x000000256fb00000,0x000000256fc00000) (1024K)]
  0x000001fc1f9c1f20 WorkerThread "G1 Conc#1"                       [id=27456, stack(0x0000002571c00000,0x0000002571d00000) (1024K)]
  0x000001fc194e9160 ConcurrentGCThread "G1 Refine#0"               [id=11408, stack(0x000000256fc00000,0x000000256fd00000) (1024K)]
  0x000001fc194eae90 ConcurrentGCThread "G1 Service"                [id=1308, stack(0x000000256fd00000,0x000000256fe00000) (1024K)]
Total: 15

Threads with active compile tasks:
C2 CompilerThread0  7965 4268       4       java.lang.invoke.InvokerBytecodeGenerator::<init> (80 bytes)
Total: 1

VM state: not at safepoint (normal execution)

VM Mutex/Monitor currently owned by a thread: None

Heap address: 0x0000000080000000, size: 2048 MB, Compressed Oops mode: 32-bit

CDS archive(s) not mapped
Compressed class space mapped at: 0x0000000100000000-0x0000000140000000, reserved size: 1073741824
Narrow klass base: 0x0000000000000000, Narrow klass shift: 3, Narrow klass range: 0x140000000

GC Precious Log:
 CardTable entry size: 512
 Card Set container configuration: InlinePtr #cards 5 size 8 Array Of Cards #cards 12 size 40 Howl #buckets 4 coarsen threshold 1843 Howl Bitmap #cards 512 size 80 coarsen threshold 460 Card regions per heap region 1 cards per card region 2048
 CPUs: 8 total, 8 available
 Memory: 16163M
 Large Page Support: Disabled
 NUMA Support: Disabled
 Compressed Oops: Enabled (32-bit)
 Heap Region Size: 1M
 Heap Min Capacity: 8M
 Heap Initial Capacity: 254M
 Heap Max Capacity: 2G
 Pre-touch: Disabled
 Parallel Workers: 8
 Concurrent Workers: 2
 Concurrent Refinement Workers: 8
 Periodic GC: Disabled

Heap:
 garbage-first heap   total 70656K, used 46468K [0x0000000080000000, 0x0000000100000000)
  region size 1024K, 18 young (18432K), 3 survivors (3072K)
 Metaspace       used 47048K, committed 48192K, reserved 1114112K
  class space    used 6151K, committed 6720K, reserved 1048576K

Heap Regions: E=young(eden), S=young(survivor), O=old, HS=humongous(starts), HC=humongous(continues), CS=collection set, F=free, TAMS=top-at-mark-start, PB=parsable bottom
|   0|0x0000000080000000, 0x0000000080100000, 0x0000000080100000|100%|HS|  |TAMS 0x0000000080000000| PB 0x0000000080000000| Complete 
|   1|0x0000000080100000, 0x0000000080200000, 0x0000000080200000|100%|HC|  |TAMS 0x0000000080100000| PB 0x0000000080100000| Complete 
|   2|0x0000000080200000, 0x0000000080300000, 0x0000000080300000|100%|HC|  |TAMS 0x0000000080200000| PB 0x0000000080200000| Complete 
|   3|0x0000000080300000, 0x0000000080400000, 0x0000000080400000|100%| O|  |TAMS 0x0000000080300000| PB 0x0000000080300000| Untracked 
|   4|0x0000000080400000, 0x0000000080500000, 0x0000000080500000|100%| O|  |TAMS 0x0000000080400000| PB 0x0000000080400000| Untracked 
|   5|0x0000000080500000, 0x0000000080600000, 0x0000000080600000|100%| O|  |TAMS 0x0000000080500000| PB 0x0000000080500000| Untracked 
|   6|0x0000000080600000, 0x0000000080700000, 0x0000000080700000|100%|HS|  |TAMS 0x0000000080600000| PB 0x0000000080600000| Complete 
|   7|0x0000000080700000, 0x0000000080800000, 0x0000000080800000|100%| O|  |TAMS 0x0000000080700000| PB 0x0000000080700000| Untracked 
|   8|0x0000000080800000, 0x0000000080900000, 0x0000000080900000|100%| O|  |TAMS 0x0000000080800000| PB 0x0000000080800000| Untracked 
|   9|0x0000000080900000, 0x0000000080a00000, 0x0000000080a00000|100%| O|  |TAMS 0x0000000080900000| PB 0x0000000080900000| Untracked 
|  10|0x0000000080a00000, 0x0000000080b00000, 0x0000000080b00000|100%| O|  |TAMS 0x0000000080a00000| PB 0x0000000080a00000| Untracked 
|  11|0x0000000080b00000, 0x0000000080c00000, 0x0000000080c00000|100%| O|  |TAMS 0x0000000080b00000| PB 0x0000000080b00000| Untracked 
|  12|0x0000000080c00000, 0x0000000080d00000, 0x0000000080d00000|100%| O|  |TAMS 0x0000000080c00000| PB 0x0000000080c00000| Untracked 
|  13|0x0000000080d00000, 0x0000000080e00000, 0x0000000080e00000|100%| O|  |TAMS 0x0000000080d00000| PB 0x0000000080d00000| Untracked 
|  14|0x0000000080e00000, 0x0000000080f00000, 0x0000000080f00000|100%| O|  |TAMS 0x0000000080e00000| PB 0x0000000080e00000| Untracked 
|  15|0x0000000080f00000, 0x0000000081000000, 0x0000000081000000|100%| O|  |TAMS 0x0000000080f00000| PB 0x0000000080f00000| Untracked 
|  16|0x0000000081000000, 0x0000000081100000, 0x0000000081100000|100%| O|  |TAMS 0x0000000081000000| PB 0x0000000081000000| Untracked 
|  17|0x0000000081100000, 0x0000000081100000, 0x0000000081200000|  0%| F|  |TAMS 0x0000000081100000| PB 0x0000000081100000| Untracked 
|  18|0x0000000081200000, 0x0000000081300000, 0x0000000081300000|100%| O|  |TAMS 0x0000000081200000| PB 0x0000000081200000| Untracked 
|  19|0x0000000081300000, 0x0000000081400000, 0x0000000081400000|100%| O|  |TAMS 0x0000000081300000| PB 0x0000000081300000| Untracked 
|  20|0x0000000081400000, 0x0000000081500000, 0x0000000081500000|100%| O|  |TAMS 0x0000000081400000| PB 0x0000000081400000| Untracked 
|  21|0x0000000081500000, 0x0000000081600000, 0x0000000081600000|100%| O|  |TAMS 0x0000000081500000| PB 0x0000000081500000| Untracked 
|  22|0x0000000081600000, 0x0000000081700000, 0x0000000081700000|100%| O|  |TAMS 0x0000000081600000| PB 0x0000000081600000| Untracked 
|  23|0x0000000081700000, 0x0000000081800000, 0x0000000081800000|100%| O|  |TAMS 0x0000000081700000| PB 0x0000000081700000| Untracked 
|  24|0x0000000081800000, 0x0000000081900000, 0x0000000081900000|100%| O|  |TAMS 0x0000000081800000| PB 0x0000000081800000| Untracked 
|  25|0x0000000081900000, 0x0000000081900000, 0x0000000081a00000|  0%| F|  |TAMS 0x0000000081900000| PB 0x0000000081900000| Untracked 
|  26|0x0000000081a00000, 0x0000000081a00000, 0x0000000081b00000|  0%| F|  |TAMS 0x0000000081a00000| PB 0x0000000081a00000| Untracked 
|  27|0x0000000081b00000, 0x0000000081b00000, 0x0000000081c00000|  0%| F|  |TAMS 0x0000000081b00000| PB 0x0000000081b00000| Untracked 
|  28|0x0000000081c00000, 0x0000000081c00000, 0x0000000081d00000|  0%| F|  |TAMS 0x0000000081c00000| PB 0x0000000081c00000| Untracked 
|  29|0x0000000081d00000, 0x0000000081e00000, 0x0000000081e00000|100%| O|  |TAMS 0x0000000081d00000| PB 0x0000000081d00000| Untracked 
|  30|0x0000000081e00000, 0x0000000081e4bb90, 0x0000000081f00000| 29%| S|CS|TAMS 0x0000000081e00000| PB 0x0000000081e00000| Complete 
|  31|0x0000000081f00000, 0x0000000082000000, 0x0000000082000000|100%| S|CS|TAMS 0x0000000081f00000| PB 0x0000000081f00000| Complete 
|  32|0x0000000082000000, 0x0000000082100000, 0x0000000082100000|100%| S|CS|TAMS 0x0000000082000000| PB 0x0000000082000000| Complete 
|  33|0x0000000082100000, 0x0000000082200000, 0x0000000082200000|100%| O|  |TAMS 0x0000000082100000| PB 0x0000000082100000| Untracked 
|  34|0x0000000082200000, 0x0000000082300000, 0x0000000082300000|100%| O|  |TAMS 0x0000000082200000| PB 0x0000000082200000| Untracked 
|  35|0x0000000082300000, 0x0000000082400000, 0x0000000082400000|100%| O|  |TAMS 0x0000000082300000| PB 0x0000000082300000| Untracked 
|  36|0x0000000082400000, 0x0000000082500000, 0x0000000082500000|100%| O|  |TAMS 0x0000000082400000| PB 0x0000000082400000| Untracked 
|  37|0x0000000082500000, 0x0000000082500000, 0x0000000082600000|  0%| F|  |TAMS 0x0000000082500000| PB 0x0000000082500000| Untracked 
|  38|0x0000000082600000, 0x0000000082600000, 0x0000000082700000|  0%| F|  |TAMS 0x0000000082600000| PB 0x0000000082600000| Untracked 
|  39|0x0000000082700000, 0x0000000082700000, 0x0000000082800000|  0%| F|  |TAMS 0x0000000082700000| PB 0x0000000082700000| Untracked 
|  40|0x0000000082800000, 0x0000000082800000, 0x0000000082900000|  0%| F|  |TAMS 0x0000000082800000| PB 0x0000000082800000| Untracked 
|  41|0x0000000082900000, 0x0000000082900000, 0x0000000082a00000|  0%| F|  |TAMS 0x0000000082900000| PB 0x0000000082900000| Untracked 
|  42|0x0000000082a00000, 0x0000000082a00000, 0x0000000082b00000|  0%| F|  |TAMS 0x0000000082a00000| PB 0x0000000082a00000| Untracked 
|  43|0x0000000082b00000, 0x0000000082b00000, 0x0000000082c00000|  0%| F|  |TAMS 0x0000000082b00000| PB 0x0000000082b00000| Untracked 
|  44|0x0000000082c00000, 0x0000000082c00000, 0x0000000082d00000|  0%| F|  |TAMS 0x0000000082c00000| PB 0x0000000082c00000| Untracked 
|  45|0x0000000082d00000, 0x0000000082d00000, 0x0000000082e00000|  0%| F|  |TAMS 0x0000000082d00000| PB 0x0000000082d00000| Untracked 
|  46|0x0000000082e00000, 0x0000000082e00000, 0x0000000082f00000|  0%| F|  |TAMS 0x0000000082e00000| PB 0x0000000082e00000| Untracked 
|  47|0x0000000082f00000, 0x0000000082f00000, 0x0000000083000000|  0%| F|  |TAMS 0x0000000082f00000| PB 0x0000000082f00000| Untracked 
|  48|0x0000000083000000, 0x0000000083000000, 0x0000000083100000|  0%| F|  |TAMS 0x0000000083000000| PB 0x0000000083000000| Untracked 
|  49|0x0000000083100000, 0x0000000083100000, 0x0000000083200000|  0%| F|  |TAMS 0x0000000083100000| PB 0x0000000083100000| Untracked 
|  50|0x0000000083200000, 0x0000000083200000, 0x0000000083300000|  0%| F|  |TAMS 0x0000000083200000| PB 0x0000000083200000| Untracked 
|  51|0x0000000083300000, 0x0000000083300000, 0x0000000083400000|  0%| F|  |TAMS 0x0000000083300000| PB 0x0000000083300000| Untracked 
|  52|0x0000000083400000, 0x0000000083400000, 0x0000000083500000|  0%| F|  |TAMS 0x0000000083400000| PB 0x0000000083400000| Untracked 
|  53|0x0000000083500000, 0x0000000083600000, 0x0000000083600000|100%| E|  |TAMS 0x0000000083500000| PB 0x0000000083500000| Complete 
|  54|0x0000000083600000, 0x0000000083700000, 0x0000000083700000|100%| E|CS|TAMS 0x0000000083600000| PB 0x0000000083600000| Complete 
|  55|0x0000000083700000, 0x0000000083800000, 0x0000000083800000|100%| E|CS|TAMS 0x0000000083700000| PB 0x0000000083700000| Complete 
|  56|0x0000000083800000, 0x0000000083900000, 0x0000000083900000|100%| E|CS|TAMS 0x0000000083800000| PB 0x0000000083800000| Complete 
|  57|0x0000000083900000, 0x0000000083a00000, 0x0000000083a00000|100%| E|CS|TAMS 0x0000000083900000| PB 0x0000000083900000| Complete 
| 221|0x000000008dd00000, 0x000000008de00000, 0x000000008de00000|100%| E|CS|TAMS 0x000000008dd00000| PB 0x000000008dd00000| Complete 
| 222|0x000000008de00000, 0x000000008df00000, 0x000000008df00000|100%| E|CS|TAMS 0x000000008de00000| PB 0x000000008de00000| Complete 
| 223|0x000000008df00000, 0x000000008e000000, 0x000000008e000000|100%| E|CS|TAMS 0x000000008df00000| PB 0x000000008df00000| Complete 
| 224|0x000000008e000000, 0x000000008e100000, 0x000000008e100000|100%| E|CS|TAMS 0x000000008e000000| PB 0x000000008e000000| Complete 
| 225|0x000000008e100000, 0x000000008e200000, 0x000000008e200000|100%| E|CS|TAMS 0x000000008e100000| PB 0x000000008e100000| Complete 
| 226|0x000000008e200000, 0x000000008e300000, 0x000000008e300000|100%| E|CS|TAMS 0x000000008e200000| PB 0x000000008e200000| Complete 
| 227|0x000000008e300000, 0x000000008e400000, 0x000000008e400000|100%| E|CS|TAMS 0x000000008e300000| PB 0x000000008e300000| Complete 
| 228|0x000000008e400000, 0x000000008e500000, 0x000000008e500000|100%| E|CS|TAMS 0x000000008e400000| PB 0x000000008e400000| Complete 
| 252|0x000000008fc00000, 0x000000008fd00000, 0x000000008fd00000|100%| E|CS|TAMS 0x000000008fc00000| PB 0x000000008fc00000| Complete 
| 253|0x000000008fd00000, 0x000000008fe00000, 0x000000008fe00000|100%| E|CS|TAMS 0x000000008fd00000| PB 0x000000008fd00000| Complete 
|2047|0x00000000fff00000, 0x00000000fff15840, 0x0000000100000000|  8%| O|  |TAMS 0x00000000fff00000| PB 0x00000000fff00000| Untracked 

Card table byte_map: [0x000001fc14860000,0x000001fc14c60000] _byte_map_base: 0x000001fc14460000

Marking Bits: (CMBitMap*) 0x000001fc02035b40
 Bits: [0x000001fc14c60000, 0x000001fc16c60000)

Polling page: 0x000001fc017a0000

Metaspace:

Usage:
  Non-class:     39.95 MB used.
      Class:      6.01 MB used.
       Both:     45.96 MB used.

Virtual space:
  Non-class space:       64.00 MB reserved,      40.50 MB ( 63%) committed,  1 nodes.
      Class space:        1.00 GB reserved,       6.56 MB ( <1%) committed,  1 nodes.
             Both:        1.06 GB reserved,      47.06 MB (  4%) committed. 

Chunk freelists:
   Non-Class:  6.70 MB
       Class:  9.39 MB
        Both:  16.09 MB

MaxMetaspaceSize: unlimited
CompressedClassSpaceSize: 1.00 GB
Initial GC threshold: 21.00 MB
Current GC threshold: 58.88 MB
CDS: off
 - commit_granule_bytes: 65536.
 - commit_granule_words: 8192.
 - virtual_space_node_default_size: 8388608.
 - enlarge_chunks_in_place: 1.
 - use_allocation_guard: 0.


Internal statistics:

num_allocs_failed_limit: 6.
num_arena_births: 1924.
num_arena_deaths: 0.
num_vsnodes_births: 2.
num_vsnodes_deaths: 0.
num_space_committed: 753.
num_space_uncommitted: 0.
num_chunks_returned_to_freelist: 6.
num_chunks_taken_from_freelist: 3549.
num_chunk_merges: 6.
num_chunk_splits: 2318.
num_chunks_enlarged: 1470.
num_inconsistent_stats: 0.

CodeHeap 'non-profiled nmethods': size=120000Kb used=2347Kb max_used=2347Kb free=117652Kb
 bounds [0x000001fc0cc00000, 0x000001fc0ce70000, 0x000001fc14130000]
CodeHeap 'profiled nmethods': size=120000Kb used=7435Kb max_used=7435Kb free=112564Kb
 bounds [0x000001fc05130000, 0x000001fc05880000, 0x000001fc0c660000]
CodeHeap 'non-nmethods': size=5760Kb used=2103Kb max_used=2153Kb free=3656Kb
 bounds [0x000001fc0c660000, 0x000001fc0c8d0000, 0x000001fc0cc00000]
 total_blobs=4589 nmethods=3890 adapters=603
 compilation: enabled
              stopped_count=0, restarted_count=0
 full_count=0

Compilation events (20 events):
Event: 7.858 Thread 0x000001fc19862900 nmethod 4255 0x000001fc0ce2f390 code [0x000001fc0ce2f6c0, 0x000001fc0ce312f8]
Event: 7.858 Thread 0x000001fc19862900 4266       4       jdk.internal.org.objectweb.asm.Frame::setInputFrameFromDescriptor (175 bytes)
Event: 7.871 Thread 0x000001fc19862230 4269   !   3       java.net.URL::<init> (543 bytes)
Event: 7.874 Thread 0x000001fc19862230 nmethod 4269 0x000001fc05854b10 code [0x000001fc05855120, 0x000001fc05858428]
Event: 7.875 Thread 0x000001fc19862230 4270       3       jdk.internal.reflect.DirectMethodHandleAccessor::methodAccessor (35 bytes)
Event: 7.875 Thread 0x000001fc19862230 nmethod 4270 0x000001fc0585a290 code [0x000001fc0585a440, 0x000001fc0585a5e0]
Event: 7.875 Thread 0x000001fc19862230 4273       3       jdk.internal.reflect.MethodHandleAccessorFactory::specializedMethodType (216 bytes)
Event: 7.876 Thread 0x000001fc19862230 nmethod 4273 0x000001fc0585a690 code [0x000001fc0585aa20, 0x000001fc0585c628]
Event: 7.876 Thread 0x000001fc19862230 4271       3       jdk.internal.reflect.DirectMethodHandleAccessor::<init> (59 bytes)
Event: 7.876 Thread 0x000001fc19862230 nmethod 4271 0x000001fc0585cb10 code [0x000001fc0585cce0, 0x000001fc0585d1b0]
Event: 7.876 Thread 0x000001fc19862230 4272       3       jdk.internal.reflect.MethodAccessorImpl::<init> (5 bytes)
Event: 7.877 Thread 0x000001fc19862230 nmethod 4272 0x000001fc0585d390 code [0x000001fc0585d540, 0x000001fc0585d708]
Event: 7.878 Thread 0x000001fc19860e80 nmethod 4254 0x000001fc0ce32190 code [0x000001fc0ce32580, 0x000001fc0ce34ac8]
Event: 7.878 Thread 0x000001fc19860e80 4268       4       java.lang.invoke.InvokerBytecodeGenerator::<init> (80 bytes)
Event: 7.882 Thread 0x000001fc19862230 4274   !   3       java.lang.invoke.MethodHandleImpl$1::findVirtual (14 bytes)
Event: 7.882 Thread 0x000001fc19862230 nmethod 4274 0x000001fc0585d810 code [0x000001fc0585d9c0, 0x000001fc0585db58]
Event: 7.884 Thread 0x000001fc19862230 4275       3       com.google.common.cache.LocalCache::discardingQueue (4 bytes)
Event: 7.884 Thread 0x000001fc19862230 nmethod 4275 0x000001fc053a6e90 code [0x000001fc053a7020, 0x000001fc053a7118]
Event: 7.887 Thread 0x000001fc19862230 4276       3       java.util.HashMap::afterNodeRemoval (1 bytes)
Event: 7.887 Thread 0x000001fc19862230 nmethod 4276 0x000001fc0551fb10 code [0x000001fc0551fca0, 0x000001fc0551fda8]

GC Heap History (20 events):
Event: 0.903 GC heap before
{Heap before GC invocations=0 (full 0):
 garbage-first heap   total 260096K, used 22528K [0x0000000080000000, 0x0000000100000000)
  region size 1024K, 23 young (23552K), 0 survivors (0K)
 Metaspace       used 7966K, committed 8128K, reserved 1114112K
  class space    used 709K, committed 768K, reserved 1048576K
}
Event: 0.908 GC heap after
{Heap after GC invocations=1 (full 0):
 garbage-first heap   total 260096K, used 2389K [0x0000000080000000, 0x0000000100000000)
  region size 1024K, 3 young (3072K), 3 survivors (3072K)
 Metaspace       used 7966K, committed 8128K, reserved 1114112K
  class space    used 709K, committed 768K, reserved 1048576K
}
Event: 2.385 GC heap before
{Heap before GC invocations=1 (full 0):
 garbage-first heap   total 260096K, used 40277K [0x0000000080000000, 0x0000000100000000)
  region size 1024K, 38 young (38912K), 3 survivors (3072K)
 Metaspace       used 12199K, committed 12352K, reserved 1114112K
  class space    used 1283K, committed 1344K, reserved 1048576K
}
Event: 2.394 GC heap after
{Heap after GC invocations=2 (full 0):
 garbage-first heap   total 260096K, used 10691K [0x0000000080000000, 0x0000000100000000)
  region size 1024K, 5 young (5120K), 5 survivors (5120K)
 Metaspace       used 12199K, committed 12352K, reserved 1114112K
  class space    used 1283K, committed 1344K, reserved 1048576K
}
Event: 3.331 GC heap before
{Heap before GC invocations=2 (full 0):
 garbage-first heap   total 260096K, used 60867K [0x0000000080000000, 0x0000000100000000)
  region size 1024K, 52 young (53248K), 5 survivors (5120K)
 Metaspace       used 14623K, committed 14912K, reserved 1114112K
  class space    used 1589K, committed 1728K, reserved 1048576K
}
Event: 3.337 GC heap after
{Heap after GC invocations=3 (full 0):
 garbage-first heap   total 260096K, used 17874K [0x0000000080000000, 0x0000000100000000)
  region size 1024K, 6 young (6144K), 6 survivors (6144K)
 Metaspace       used 14623K, committed 14912K, reserved 1114112K
  class space    used 1589K, committed 1728K, reserved 1048576K
}
Event: 3.998 GC heap before
{Heap before GC invocations=3 (full 0):
 garbage-first heap   total 260096K, used 42450K [0x0000000080000000, 0x0000000100000000)
  region size 1024K, 31 young (31744K), 6 survivors (6144K)
 Metaspace       used 21180K, committed 21504K, reserved 1114112K
  class space    used 2448K, committed 2624K, reserved 1048576K
}
Event: 4.002 GC heap after
{Heap after GC invocations=4 (full 0):
 garbage-first heap   total 260096K, used 20017K [0x0000000080000000, 0x0000000100000000)
  region size 1024K, 8 young (8192K), 8 survivors (8192K)
 Metaspace       used 21180K, committed 21504K, reserved 1114112K
  class space    used 2448K, committed 2624K, reserved 1048576K
}
Event: 4.685 GC heap before
{Heap before GC invocations=5 (full 0):
 garbage-first heap   total 68608K, used 51761K [0x0000000080000000, 0x0000000100000000)
  region size 1024K, 40 young (40960K), 8 survivors (8192K)
 Metaspace       used 26747K, committed 27264K, reserved 1114112K
  class space    used 3279K, committed 3520K, reserved 1048576K
}
Event: 4.691 GC heap after
{Heap after GC invocations=6 (full 0):
 garbage-first heap   total 68608K, used 21831K [0x0000000080000000, 0x0000000100000000)
  region size 1024K, 5 young (5120K), 5 survivors (5120K)
 Metaspace       used 26747K, committed 27264K, reserved 1114112K
  class space    used 3279K, committed 3520K, reserved 1048576K
}
Event: 5.734 GC heap before
{Heap before GC invocations=6 (full 0):
 garbage-first heap   total 68608K, used 54599K [0x0000000080000000, 0x0000000100000000)
  region size 1024K, 37 young (37888K), 5 survivors (5120K)
 Metaspace       used 31136K, committed 31808K, reserved 1114112K
  class space    used 4040K, committed 4352K, reserved 1048576K
}
Event: 5.744 GC heap after
{Heap after GC invocations=7 (full 0):
 garbage-first heap   total 68608K, used 24233K [0x0000000080000000, 0x0000000100000000)
  region size 1024K, 5 young (5120K), 5 survivors (5120K)
 Metaspace       used 31136K, committed 31808K, reserved 1114112K
  class space    used 4040K, committed 4352K, reserved 1048576K
}
Event: 6.578 GC heap before
{Heap before GC invocations=7 (full 0):
 garbage-first heap   total 68608K, used 51881K [0x0000000080000000, 0x0000000100000000)
  region size 1024K, 34 young (34816K), 5 survivors (5120K)
 Metaspace       used 35280K, committed 36096K, reserved 1114112K
  class space    used 4713K, committed 5120K, reserved 1048576K
}
Event: 6.589 GC heap after
{Heap after GC invocations=8 (full 0):
 garbage-first heap   total 68608K, used 26009K [0x0000000080000000, 0x0000000100000000)
  region size 1024K, 5 young (5120K), 5 survivors (5120K)
 Metaspace       used 35280K, committed 36096K, reserved 1114112K
  class space    used 4713K, committed 5120K, reserved 1048576K
}
Event: 7.262 GC heap before
{Heap before GC invocations=9 (full 0):
 garbage-first heap   total 68608K, used 56729K [0x0000000080000000, 0x0000000100000000)
  region size 1024K, 36 young (36864K), 5 survivors (5120K)
 Metaspace       used 42238K, committed 43200K, reserved 1114112K
  class space    used 5504K, committed 5952K, reserved 1048576K
}
Event: 7.268 GC heap after
{Heap after GC invocations=10 (full 0):
 garbage-first heap   total 68608K, used 30168K [0x0000000080000000, 0x0000000100000000)
  region size 1024K, 5 young (5120K), 5 survivors (5120K)
 Metaspace       used 42238K, committed 43200K, reserved 1114112K
  class space    used 5504K, committed 5952K, reserved 1048576K
}
Event: 7.521 GC heap before
{Heap before GC invocations=10 (full 0):
 garbage-first heap   total 68608K, used 59864K [0x0000000080000000, 0x0000000100000000)
  region size 1024K, 33 young (33792K), 5 survivors (5120K)
 Metaspace       used 44357K, committed 45376K, reserved 1114112K
  class space    used 5699K, committed 6208K, reserved 1048576K
}
Event: 7.527 GC heap after
{Heap after GC invocations=11 (full 0):
 garbage-first heap   total 70656K, used 32152K [0x0000000080000000, 0x0000000100000000)
  region size 1024K, 3 young (3072K), 3 survivors (3072K)
 Metaspace       used 44357K, committed 45376K, reserved 1114112K
  class space    used 5699K, committed 6208K, reserved 1048576K
}
Event: 7.681 GC heap before
{Heap before GC invocations=11 (full 0):
 garbage-first heap   total 70656K, used 60824K [0x0000000080000000, 0x0000000100000000)
  region size 1024K, 31 young (31744K), 3 survivors (3072K)
 Metaspace       used 45312K, committed 46336K, reserved 1114112K
  class space    used 5854K, committed 6336K, reserved 1048576K
}
Event: 7.684 GC heap after
{Heap after GC invocations=12 (full 0):
 garbage-first heap   total 70656K, used 32132K [0x0000000080000000, 0x0000000100000000)
  region size 1024K, 3 young (3072K), 3 survivors (3072K)
 Metaspace       used 45312K, committed 46336K, reserved 1114112K
  class space    used 5854K, committed 6336K, reserved 1048576K
}

Dll operation events (3 events):
Event: 0.027 Loaded shared library C:\Program Files\Android\Android Studio1\jbr\bin\java.dll
Event: 0.038 Loaded shared library C:\Program Files\Android\Android Studio1\jbr\bin\zip.dll
Event: 1.082 Loaded shared library C:\Program Files\Android\Android Studio1\jbr\bin\verify.dll

Deoptimization events (20 events):
Event: 7.764 Thread 0x000001fc1f9a2e70 Uncommon trap: trap_request=0xffffff76 fr.pc=0x000001fc0cdffafc relative=0x00000000000001dc
Event: 7.764 Thread 0x000001fc1f9a2e70 Uncommon trap: reason=predicate action=maybe_recompile pc=0x000001fc0cdffafc method=java.util.LinkedHashMap.keysToArray([Ljava/lang/Object;Z)[Ljava/lang/Object; @ 53 c2
Event: 7.764 Thread 0x000001fc1f9a2e70 DEOPT PACKING pc=0x000001fc0cdffafc sp=0x00000025718f7290
Event: 7.764 Thread 0x000001fc1f9a2e70 DEOPT UNPACKING pc=0x000001fc0c6b7da2 sp=0x00000025718f7240 mode 2
Event: 7.806 Thread 0x000001fc1f9a2e70 Uncommon trap: trap_request=0xffffff45 fr.pc=0x000001fc0cdbee38 relative=0x0000000000003178
Event: 7.806 Thread 0x000001fc1f9a2e70 Uncommon trap: reason=unstable_if action=reinterpret pc=0x000001fc0cdbee38 method=java.lang.String.regionMatches(ZILjava/lang/String;II)Z @ 36 c2
Event: 7.806 Thread 0x000001fc1f9a2e70 DEOPT PACKING pc=0x000001fc0cdbee38 sp=0x00000025718f9f00
Event: 7.806 Thread 0x000001fc1f9a2e70 DEOPT UNPACKING pc=0x000001fc0c6b7da2 sp=0x00000025718f9e00 mode 2
Event: 7.806 Thread 0x000001fc1f9a2e70 Uncommon trap: trap_request=0xffffffde fr.pc=0x000001fc0cc8a024 relative=0x0000000000001904
Event: 7.806 Thread 0x000001fc1f9a2e70 Uncommon trap: reason=class_check action=maybe_recompile pc=0x000001fc0cc8a024 method=jdk.internal.loader.URLClassPath.getLoader(I)Ljdk/internal/loader/URLClassPath$Loader; @ 88 c2
Event: 7.806 Thread 0x000001fc1f9a2e70 DEOPT PACKING pc=0x000001fc0cc8a024 sp=0x00000025718fa170
Event: 7.806 Thread 0x000001fc1f9a2e70 DEOPT UNPACKING pc=0x000001fc0c6b7da2 sp=0x00000025718fa160 mode 2
Event: 7.806 Thread 0x000001fc1f9a2e70 Uncommon trap: trap_request=0xffffffde fr.pc=0x000001fc0ce1fad4 relative=0x0000000000003fd4
Event: 7.806 Thread 0x000001fc1f9a2e70 Uncommon trap: reason=class_check action=maybe_recompile pc=0x000001fc0ce1fad4 method=jdk.internal.loader.URLClassPath.getResource(Ljava/lang/String;Z)Ljdk/internal/loader/Resource; @ 53 c2
Event: 7.806 Thread 0x000001fc1f9a2e70 DEOPT PACKING pc=0x000001fc0ce1fad4 sp=0x00000025718fa230
Event: 7.806 Thread 0x000001fc1f9a2e70 DEOPT UNPACKING pc=0x000001fc0c6b7da2 sp=0x00000025718fa1a8 mode 2
Event: 7.809 Thread 0x000001fc1f9a2e70 Uncommon trap: trap_request=0xffffff45 fr.pc=0x000001fc0cd6f0e0 relative=0x00000000000009a0
Event: 7.809 Thread 0x000001fc1f9a2e70 Uncommon trap: reason=unstable_if action=reinterpret pc=0x000001fc0cd6f0e0 method=java.lang.Class.getPackageName()Ljava/lang/String; @ 55 c2
Event: 7.809 Thread 0x000001fc1f9a2e70 DEOPT PACKING pc=0x000001fc0cd6f0e0 sp=0x00000025718f9ed0
Event: 7.809 Thread 0x000001fc1f9a2e70 DEOPT UNPACKING pc=0x000001fc0c6b7da2 sp=0x00000025718f9ea0 mode 2

Classes loaded (20 events):
Event: 7.378 Loading class sun/nio/fs/WindowsException
Event: 7.378 Loading class sun/nio/fs/WindowsException done
Event: 7.411 Loading class java/util/Collections$SynchronizedRandomAccessList
Event: 7.411 Loading class java/util/Collections$SynchronizedList
Event: 7.411 Loading class java/util/Collections$SynchronizedList done
Event: 7.411 Loading class java/util/Collections$SynchronizedRandomAccessList done
Event: 7.427 Loading class java/lang/invoke/BoundMethodHandle$Species_LLLLLLLLLLLLLLLLLLLLLLLLL
Event: 7.427 Loading class java/lang/invoke/BoundMethodHandle$Species_LLLLLLLLLLLLLLLLLLLLLLLLL done
Event: 7.428 Loading class java/lang/invoke/BoundMethodHandle$Species_LLLLLLLLLLLLLLLLLLLLLLLLLL
Event: 7.428 Loading class java/lang/invoke/BoundMethodHandle$Species_LLLLLLLLLLLLLLLLLLLLLLLLLL done
Event: 7.672 Loading class java/nio/charset/CharacterCodingException
Event: 7.672 Loading class java/nio/charset/CharacterCodingException done
Event: 7.778 Loading class java/security/CodeSigner
Event: 7.778 Loading class java/security/CodeSigner done
Event: 7.783 Loading class java/util/stream/Streams$RangeIntSpliterator
Event: 7.784 Loading class java/util/stream/Streams$RangeIntSpliterator done
Event: 7.805 Loading class jdk/internal/loader/URLClassPath$FileLoader
Event: 7.805 Loading class jdk/internal/loader/URLClassPath$FileLoader done
Event: 7.807 Loading class jdk/internal/loader/URLClassPath$FileLoader$1
Event: 7.807 Loading class jdk/internal/loader/URLClassPath$FileLoader$1 done

Classes unloaded (0 events):
No events

Classes redefined (0 events):
No events

Internal exceptions (20 events):
Event: 7.378 Thread 0x000001fc1f9a2e70 Exception <a 'sun/nio/fs/WindowsException'{0x00000000830f5d48}> (0x00000000830f5d48) 
thrown [s\src\hotspot\share\prims\jni.cpp, line 535]
Event: 7.379 Thread 0x000001fc1f9a2e70 Exception <a 'sun/nio/fs/WindowsException'{0x00000000830f7270}> (0x00000000830f7270) 
thrown [s\src\hotspot\share\prims\jni.cpp, line 535]
Event: 7.380 Thread 0x000001fc1f9a2e70 Exception <a 'sun/nio/fs/WindowsException'{0x00000000830f8740}> (0x00000000830f8740) 
thrown [s\src\hotspot\share\prims\jni.cpp, line 535]
Event: 7.380 Thread 0x000001fc1f9a2e70 Exception <a 'sun/nio/fs/WindowsException'{0x00000000830f9838}> (0x00000000830f9838) 
thrown [s\src\hotspot\share\prims\jni.cpp, line 535]
Event: 7.400 Thread 0x000001fc1f9a2e70 Exception <a 'java/lang/NoSuchMethodError'{0x0000000082e297f8}: 'java.lang.Object java.lang.invoke.Invokers$Holder.invoker(java.lang.Object, java.lang.Object, java.lang.Object, java.lang.Object, java.lang.Object, java.lang.Object)'> (0x0000000082e297f8) 
thrown [s\src\hotspot\share\interpreter\linkResolver.cpp, line 784]
Event: 7.423 Thread 0x000001fc1f9a2e70 Exception <a 'java/lang/NoSuchMethodError'{0x0000000082d462d8}: 'java.lang.Object java.lang.invoke.DirectMethodHandle$Holder.invokeSpecial(java.lang.Object, java.lang.Object, java.lang.Object, java.lang.Object, java.lang.Object, java.lang.Object, java.lang.Object, java.lang.Object, java.lang.Object, java.lang.Object, java.lang.Object, java.lang.Object, java.lang.Object, java.lang.Object, java.lang.Object, java.lang.Object, java.lang.Object, java.lang.Object, java.lang.Object, java.lang.Object, java.lang.Ob
Event: 7.423 Thread 0x000001fc1f9a2e70 Exception <a 'java/lang/NoSuchMethodError'{0x0000000082d4c3b0}: 'java.lang.Object java.lang.invoke.DelegatingMethodHandle$Holder.reinvoke_L(java.lang.Object, java.lang.Object, java.lang.Object, java.lang.Object, java.lang.Object, java.lang.Object, java.lang.Object, java.lang.Object, java.lang.Object, java.lang.Object, java.lang.Object, java.lang.Object, java.lang.Object, java.lang.Object, java.lang.Object, java.lang.Object, java.lang.Object, java.lang.Object, java.lang.Object, java.lang.Object, java.lang.O
Event: 7.424 Thread 0x000001fc1f9a2e70 Exception <a 'java/lang/NoSuchMethodError'{0x0000000082d57598}: 'java.lang.Object java.lang.invoke.Invokers$Holder.invoker(java.lang.Object, java.lang.Object, java.lang.Object, java.lang.Object, java.lang.Object, java.lang.Object, java.lang.Object, java.lang.Object, java.lang.Object, java.lang.Object, java.lang.Object, java.lang.Object, java.lang.Object, java.lang.Object, java.lang.Object, java.lang.Object, java.lang.Object, java.lang.Object, java.lang.Object, java.lang.Object, java.lang.Object, java.lang.
Event: 7.424 Thread 0x000001fc1f9a2e70 Exception <a 'java/lang/NoSuchMethodError'{0x0000000082d5df20}: 'java.lang.Object java.lang.invoke.DelegatingMethodHandle$Holder.delegate(java.lang.Object, java.lang.Object, java.lang.Object, java.lang.Object, java.lang.Object, java.lang.Object, java.lang.Object, java.lang.Object, java.lang.Object, java.lang.Object, java.lang.Object, java.lang.Object, java.lang.Object, java.lang.Object, java.lang.Object, java.lang.Object, java.lang.Object, java.lang.Object, java.lang.Object, java.lang.Object, java.lang.Obj
Event: 7.428 Thread 0x000001fc1f9a2e70 Exception <a 'java/lang/NoSuchMethodError'{0x0000000082c387e8}: 'java.lang.Object java.lang.invoke.DirectMethodHandle$Holder.invokeStatic(java.lang.Object, java.lang.Object, java.lang.Object, java.lang.Object, java.lang.Object, java.lang.Object, java.lang.Object, java.lang.Object, java.lang.Object, java.lang.Object, java.lang.Object, java.lang.Object, java.lang.Object, java.lang.Object, java.lang.Object, java.lang.Object, java.lang.Object, java.lang.Object, java.lang.Object, java.lang.Object, java.lang.Obj
Event: 7.429 Thread 0x000001fc1f9a2e70 Exception <a 'java/lang/NoSuchMethodError'{0x0000000082c6dcc8}: 'java.lang.Object java.lang.invoke.DirectMethodHandle$Holder.invokeStatic(java.lang.Object, java.lang.Object, java.lang.Object, java.lang.Object, java.lang.Object, java.lang.Object, java.lang.Object, java.lang.Object, java.lang.Object, java.lang.Object, java.lang.Object, java.lang.Object, java.lang.Object, java.lang.Object, java.lang.Object, java.lang.Object, java.lang.Object, java.lang.Object, java.lang.Object, java.lang.Object, java.lang.Obj
Event: 7.643 Thread 0x000001fc1f9a2e70 Exception <a 'java/lang/IncompatibleClassChangeError'{0x00000000829b57b0}: Found class java.lang.Object, but interface was expected> (0x00000000829b57b0) 
thrown [s\src\hotspot\share\interpreter\linkResolver.cpp, line 851]
Event: 7.651 Thread 0x000001fc1f9a2e70 Exception <a 'java/lang/NoSuchMethodError'{0x000000008286bd98}: 'java.lang.Object java.lang.invoke.DirectMethodHandle$Holder.newInvokeSpecial(java.lang.Object, java.lang.Object, long)'> (0x000000008286bd98) 
thrown [s\src\hotspot\share\interpreter\linkResolver.cpp, line 784]
Event: 7.651 Thread 0x000001fc1f9a2e70 Exception <a 'java/lang/NoSuchMethodError'{0x0000000082870430}: 'java.lang.Object java.lang.invoke.Invokers$Holder.linkToTargetMethod(java.lang.Object, long, java.lang.Object)'> (0x0000000082870430) 
thrown [s\src\hotspot\share\interpreter\linkResolver.cpp, line 784]
Event: 7.665 Thread 0x000001fc1fc3a580 Implicit null exception at 0x000001fc0cc21bcf to 0x000001fc0cc21f54
Event: 7.685 Thread 0x000001fc1f9a2e70 Exception <a 'java/lang/NoSuchMethodError'{0x000000008fd09728}: 'int java.lang.invoke.DirectMethodHandle$Holder.invokeInterface(java.lang.Object, java.lang.Object)'> (0x000000008fd09728) 
thrown [s\src\hotspot\share\interpreter\linkResolver.cpp, line 784]
Event: 7.781 Thread 0x000001fc1f9a2e70 Exception <a 'java/lang/NoSuchMethodError'{0x000000008e34fbc8}: 'java.lang.Object java.lang.invoke.DirectMethodHandle$Holder.invokeVirtual(java.lang.Object, java.lang.Object, int)'> (0x000000008e34fbc8) 
thrown [s\src\hotspot\share\interpreter\linkResolver.cpp, line 784]
Event: 7.803 Thread 0x000001fc1f9a2e70 Exception <a 'java/lang/NoSuchMethodError'{0x000000008e2aa608}: 'void java.lang.invoke.DirectMethodHandle$Holder.invokeInterface(java.lang.Object, java.lang.Object, java.lang.Object, java.lang.Object, java.lang.Object, java.lang.Object, java.lang.Object)'> (0x000000008e2aa608) 
thrown [s\src\hotspot\share\interpreter\linkResolver.cpp, line 784]
Event: 7.803 Thread 0x000001fc1f9a2e70 Exception <a 'java/lang/NoSuchMethodError'{0x000000008e2aef90}: 'void java.lang.invoke.DelegatingMethodHandle$Holder.reinvoke_L(java.lang.Object, java.lang.Object, java.lang.Object, java.lang.Object, java.lang.Object, java.lang.Object, java.lang.Object)'> (0x000000008e2aef90) 
thrown [s\src\hotspot\share\interpreter\linkResolver.cpp, line 784]
Event: 7.853 Thread 0x000001fc1f9a2e70 Exception <a 'java/lang/NoSuchMethodError'{0x000000008dfdf770}: 'java.lang.Object java.lang.invoke.DirectMethodHandle$Holder.invokeSpecialIFC(java.lang.Object, java.lang.Object, java.lang.Object, java.lang.Object)'> (0x000000008dfdf770) 
thrown [s\src\hotspot\share\interpreter\linkResolver.cpp, line 784]

ZGC Phase Switch (0 events):
No events

VM Operations (20 events):
Event: 7.195 Executing VM operation: HandshakeAllThreads (Deoptimize)
Event: 7.195 Executing VM operation: HandshakeAllThreads (Deoptimize) done
Event: 7.197 Executing VM operation: HandshakeAllThreads (Deoptimize)
Event: 7.197 Executing VM operation: HandshakeAllThreads (Deoptimize) done
Event: 7.207 Executing VM operation: ICBufferFull
Event: 7.208 Executing VM operation: ICBufferFull done
Event: 7.257 Executing VM operation: HandshakeAllThreads (Deoptimize)
Event: 7.257 Executing VM operation: HandshakeAllThreads (Deoptimize) done
Event: 7.262 Executing VM operation: G1CollectForAllocation (G1 Evacuation Pause)
Event: 7.268 Executing VM operation: G1CollectForAllocation (G1 Evacuation Pause) done
Event: 7.453 Executing VM operation: HandshakeAllThreads (Deoptimize)
Event: 7.453 Executing VM operation: HandshakeAllThreads (Deoptimize) done
Event: 7.521 Executing VM operation: G1CollectForAllocation (G1 Evacuation Pause)
Event: 7.527 Executing VM operation: G1CollectForAllocation (G1 Evacuation Pause) done
Event: 7.644 Executing VM operation: HandshakeAllThreads (Deoptimize)
Event: 7.644 Executing VM operation: HandshakeAllThreads (Deoptimize) done
Event: 7.663 Executing VM operation: HandshakeAllThreads (Deoptimize)
Event: 7.663 Executing VM operation: HandshakeAllThreads (Deoptimize) done
Event: 7.681 Executing VM operation: G1CollectForAllocation (G1 Evacuation Pause)
Event: 7.684 Executing VM operation: G1CollectForAllocation (G1 Evacuation Pause) done

Memory protections (0 events):
No events

Nmethod flushes (20 events):
Event: 6.622 Thread 0x000001fc19796930 flushing  nmethod 0x000001fc0521dd90
Event: 6.622 Thread 0x000001fc19796930 flushing  nmethod 0x000001fc0521e510
Event: 6.622 Thread 0x000001fc19796930 flushing  nmethod 0x000001fc05283110
Event: 6.622 Thread 0x000001fc19796930 flushing  nmethod 0x000001fc05287510
Event: 6.622 Thread 0x000001fc19796930 flushing  nmethod 0x000001fc0528b090
Event: 6.622 Thread 0x000001fc19796930 flushing  nmethod 0x000001fc0528ca90
Event: 6.622 Thread 0x000001fc19796930 flushing  nmethod 0x000001fc052d4d10
Event: 6.622 Thread 0x000001fc19796930 flushing  nmethod 0x000001fc052dac90
Event: 6.622 Thread 0x000001fc19796930 flushing  nmethod 0x000001fc052ddc90
Event: 6.622 Thread 0x000001fc19796930 flushing  nmethod 0x000001fc05325490
Event: 6.622 Thread 0x000001fc19796930 flushing  nmethod 0x000001fc0532dd10
Event: 6.622 Thread 0x000001fc19796930 flushing  nmethod 0x000001fc0532f510
Event: 6.622 Thread 0x000001fc19796930 flushing  nmethod 0x000001fc05330210
Event: 6.622 Thread 0x000001fc19796930 flushing  nmethod 0x000001fc05332990
Event: 6.622 Thread 0x000001fc19796930 flushing  nmethod 0x000001fc0545b090
Event: 6.622 Thread 0x000001fc19796930 flushing  nmethod 0x000001fc0545b790
Event: 6.622 Thread 0x000001fc19796930 flushing  nmethod 0x000001fc0545e590
Event: 6.622 Thread 0x000001fc19796930 flushing  nmethod 0x000001fc05460f10
Event: 6.622 Thread 0x000001fc19796930 flushing  nmethod 0x000001fc05463410
Event: 6.622 Thread 0x000001fc19796930 flushing  nmethod 0x000001fc05554390

Events (20 events):
Event: 3.763 Thread 0x000001fc7fc270f0 Thread added: 0x000001fc1fa148e0
Event: 3.828 Thread 0x000001fc1fa6fac0 Thread added: 0x000001fc1fafb780
Event: 3.832 Thread 0x000001fc1fafb780 Thread added: 0x000001fc1fb0f2d0
Event: 3.871 Thread 0x000001fc1fafb780 Thread added: 0x000001fc1f9a2440
Event: 3.876 Thread 0x000001fc1fafb780 Thread added: 0x000001fc1f9a2e70
Event: 3.889 Thread 0x000001fc1f9a2e70 Thread added: 0x000001fc1f9a5360
Event: 3.894 Thread 0x000001fc1f9a2e70 Thread added: 0x000001fc1fc38b40
Event: 3.900 Thread 0x000001fc1f9a2e70 Thread added: 0x000001fc1fc391d0
Event: 4.419 Thread 0x000001fc1f9a2e70 Thread added: 0x000001fc1fc39ef0
Event: 4.433 Thread 0x000001fc1f9a2e70 Thread added: 0x000001fc1fc39860
Event: 4.479 Thread 0x000001fc1f9a2e70 Thread added: 0x000001fc1fc3a580
Event: 4.692 Thread 0x000001fc19862230 Thread added: 0x000001fc198651e0
Event: 5.574 Thread 0x000001fc198651e0 Thread exited: 0x000001fc198651e0
Event: 5.975 Thread 0x000001fc1f9a2e70 Thread added: 0x000001fc1fc3b2a0
Event: 6.015 Thread 0x000001fc1f9a2e70 Thread added: 0x000001fc1fc3b930
Event: 6.387 Thread 0x000001fc1f9a2e70 Thread added: 0x000001fc1fc3bfc0
Event: 6.393 Thread 0x000001fc1f9a2e70 Thread added: 0x000001fc228b67c0
Event: 6.976 Thread 0x000001fc19862900 Thread added: 0x000001fc198651e0
Event: 7.846 Thread 0x000001fc1f9a2e70 Thread added: 0x000001fc228b5410
Event: 7.884 Thread 0x000001fc1f9a2e70 Thread added: 0x000001fc228b5aa0


Dynamic libraries:
0x00007ff7997e0000 - 0x00007ff7997ea000 	C:\Program Files\Android\Android Studio1\jbr\bin\java.exe
0x00007ffb31240000 - 0x00007ffb314a7000 	C:\WINDOWS\SYSTEM32\ntdll.dll
0x00007ffb2fe00000 - 0x00007ffb2fec9000 	C:\WINDOWS\System32\KERNEL32.DLL
0x00007ffb2eaa0000 - 0x00007ffb2ee8f000 	C:\WINDOWS\System32\KERNELBASE.dll
0x00007ffb2e7a0000 - 0x00007ffb2e8eb000 	C:\WINDOWS\System32\ucrtbase.dll
0x00007ffb07b10000 - 0x00007ffb07b2b000 	C:\Program Files\Android\Android Studio1\jbr\bin\VCRUNTIME140.dll
0x00007ffafcd10000 - 0x00007ffafcd28000 	C:\Program Files\Android\Android Studio1\jbr\bin\jli.dll
0x00007ffb2fed0000 - 0x00007ffb30095000 	C:\WINDOWS\System32\USER32.dll
0x00007ffb2e8f0000 - 0x00007ffb2e917000 	C:\WINDOWS\System32\win32u.dll
0x00007ffb1b770000 - 0x00007ffb1ba03000 	C:\WINDOWS\WinSxS\amd64_microsoft.windows.common-controls_6595b64144ccf1df_6.0.26100.7309_none_3e05feeae336a044\COMCTL32.dll
0x00007ffb2f4b0000 - 0x00007ffb2f4db000 	C:\WINDOWS\System32\GDI32.dll
0x00007ffb30ce0000 - 0x00007ffb30d89000 	C:\WINDOWS\System32\msvcrt.dll
0x00007ffb2e670000 - 0x00007ffb2e79c000 	C:\WINDOWS\System32\gdi32full.dll
0x00007ffb2ef30000 - 0x00007ffb2efd3000 	C:\WINDOWS\System32\msvcp_win.dll
0x00007ffb2f610000 - 0x00007ffb2f641000 	C:\WINDOWS\System32\IMM32.DLL
0x00007ffb07c80000 - 0x00007ffb07c8c000 	C:\Program Files\Android\Android Studio1\jbr\bin\vcruntime140_1.dll
0x00007ffac69c0000 - 0x00007ffac6a4d000 	C:\Program Files\Android\Android Studio1\jbr\bin\msvcp140.dll
0x00007ffa58770000 - 0x00007ffa593fb000 	C:\Program Files\Android\Android Studio1\jbr\bin\server\jvm.dll
0x00007ffb2fb70000 - 0x00007ffb2fc24000 	C:\WINDOWS\System32\ADVAPI32.dll
0x00007ffb30ad0000 - 0x00007ffb30b76000 	C:\WINDOWS\System32\sechost.dll
0x00007ffb2f4f0000 - 0x00007ffb2f608000 	C:\WINDOWS\System32\RPCRT4.dll
0x00007ffb30f90000 - 0x00007ffb31004000 	C:\WINDOWS\System32\WS2_32.dll
0x00007ffb2e210000 - 0x00007ffb2e26e000 	C:\WINDOWS\SYSTEM32\POWRPROF.dll
0x00007ffb26300000 - 0x00007ffb26335000 	C:\WINDOWS\SYSTEM32\WINMM.dll
0x00007ffb1ee00000 - 0x00007ffb1ee0b000 	C:\WINDOWS\SYSTEM32\VERSION.dll
0x00007ffb2e1f0000 - 0x00007ffb2e204000 	C:\WINDOWS\SYSTEM32\UMPDC.dll
0x00007ffb2d110000 - 0x00007ffb2d12b000 	C:\WINDOWS\SYSTEM32\kernel.appcore.dll
0x00007ffb05b50000 - 0x00007ffb05b5a000 	C:\Program Files\Android\Android Studio1\jbr\bin\jimage.dll
0x00007ffb2bb50000 - 0x00007ffb2bd92000 	C:\WINDOWS\SYSTEM32\DBGHELP.DLL
0x00007ffb2f120000 - 0x00007ffb2f4a5000 	C:\WINDOWS\System32\combase.dll
0x00007ffb309f0000 - 0x00007ffb30ac6000 	C:\WINDOWS\System32\OLEAUT32.dll
0x00007ffb19af0000 - 0x00007ffb19b2c000 	C:\WINDOWS\SYSTEM32\dbgcore.DLL
0x00007ffb2e450000 - 0x00007ffb2e4f5000 	C:\WINDOWS\System32\bcryptPrimitives.dll
0x00007ffaf7090000 - 0x00007ffaf709e000 	C:\Program Files\Android\Android Studio1\jbr\bin\instrument.dll
0x00007ffb05b30000 - 0x00007ffb05b50000 	C:\Program Files\Android\Android Studio1\jbr\bin\java.dll
0x00007ffb05af0000 - 0x00007ffb05b08000 	C:\Program Files\Android\Android Studio1\jbr\bin\zip.dll
0x00007ffb300b0000 - 0x00007ffb30803000 	C:\WINDOWS\System32\SHELL32.dll
0x00007ffb2e500000 - 0x00007ffb2e66a000 	C:\WINDOWS\System32\wintypes.dll
0x00007ffb2bf40000 - 0x00007ffb2c79e000 	C:\WINDOWS\SYSTEM32\windows.storage.dll
0x00007ffb2fc30000 - 0x00007ffb2fd25000 	C:\WINDOWS\System32\SHCORE.dll
0x00007ffb2fd90000 - 0x00007ffb2fdf6000 	C:\WINDOWS\System32\shlwapi.dll
0x00007ffb2e2b0000 - 0x00007ffb2e2d9000 	C:\WINDOWS\SYSTEM32\profapi.dll
0x00007ffb059e0000 - 0x00007ffb059f0000 	C:\Program Files\Android\Android Studio1\jbr\bin\net.dll
0x00007ffb281f0000 - 0x00007ffb28318000 	C:\WINDOWS\SYSTEM32\WINHTTP.dll
0x00007ffb2d680000 - 0x00007ffb2d6eb000 	C:\WINDOWS\system32\mswsock.dll
0x00007ffb058f0000 - 0x00007ffb05906000 	C:\Program Files\Android\Android Studio1\jbr\bin\nio.dll
0x00007ffb07a00000 - 0x00007ffb07a10000 	C:\Program Files\Android\Android Studio1\jbr\bin\verify.dll
0x00007ffb03770000 - 0x00007ffb03797000 	C:\Users\Ankit\.gradle\native\1def1411415f61bf3af743bc5b6707747c0891f09f0c88961ee8f79bc544acac\windows-amd64\native-platform.dll
0x00007ffac2d40000 - 0x00007ffac2db8000 	C:\Users\Ankit\.gradle\native\0.2.7\x86_64-windows-gnu\gradle-fileevents.dll
0x00007ffb05980000 - 0x00007ffb05989000 	C:\Program Files\Android\Android Studio1\jbr\bin\management.dll
0x00007ffb058e0000 - 0x00007ffb058eb000 	C:\Program Files\Android\Android Studio1\jbr\bin\management_ext.dll
0x00007ffb300a0000 - 0x00007ffb300a8000 	C:\WINDOWS\System32\PSAPI.DLL
0x00007ffb2cb50000 - 0x00007ffb2cb84000 	C:\WINDOWS\SYSTEM32\IPHLPAPI.DLL
0x00007ffb2f4e0000 - 0x00007ffb2f4ea000 	C:\WINDOWS\System32\NSI.dll
0x00007ffb059d0000 - 0x00007ffb059d9000 	C:\Program Files\Android\Android Studio1\jbr\bin\extnet.dll
0x00007ffb2d950000 - 0x00007ffb2d96b000 	C:\WINDOWS\SYSTEM32\CRYPTSP.dll
0x00007ffb2d070000 - 0x00007ffb2d0aa000 	C:\WINDOWS\system32\rsaenh.dll
0x00007ffb2d730000 - 0x00007ffb2d75b000 	C:\WINDOWS\SYSTEM32\USERENV.dll
0x00007ffb2e280000 - 0x00007ffb2e2aa000 	C:\WINDOWS\SYSTEM32\bcrypt.dll
0x00007ffb2d940000 - 0x00007ffb2d94c000 	C:\WINDOWS\SYSTEM32\CRYPTBASE.dll
0x00007ffaf6dc0000 - 0x00007ffaf6dc8000 	C:\WINDOWS\system32\wshunix.dll

dbghelp: loaded successfully - version: 4.0.5 - missing functions: none
symbol engine: initialized successfully - sym options: 0x614 - pdb path: .;C:\Program Files\Android\Android Studio1\jbr\bin;C:\WINDOWS\SYSTEM32;C:\WINDOWS\WinSxS\amd64_microsoft.windows.common-controls_6595b64144ccf1df_6.0.26100.7309_none_3e05feeae336a044;C:\Program Files\Android\Android Studio1\jbr\bin\server;C:\Users\Ankit\.gradle\native\1def1411415f61bf3af743bc5b6707747c0891f09f0c88961ee8f79bc544acac\windows-amd64;C:\Users\Ankit\.gradle\native\0.2.7\x86_64-windows-gnu

VM Arguments:
jvm_args: --add-opens=java.base/java.lang=ALL-UNNAMED --add-opens=java.base/java.lang.invoke=ALL-UNNAMED --add-opens=java.base/java.util=ALL-UNNAMED --add-opens=java.prefs/java.util.prefs=ALL-UNNAMED --add-exports=jdk.compiler/com.sun.tools.javac.api=ALL-UNNAMED --add-exports=jdk.compiler/com.sun.tools.javac.util=ALL-UNNAMED --add-opens=java.base/java.util=ALL-UNNAMED --add-opens=java.prefs/java.util.prefs=ALL-UNNAMED --add-opens=java.base/java.nio.charset=ALL-UNNAMED --add-opens=java.base/java.net=ALL-UNNAMED --add-opens=java.base/java.util.concurrent.atomic=ALL-UNNAMED --add-opens=java.xml/javax.xml.namespace=ALL-UNNAMED -Xmx2048m -Dfile.encoding=UTF-8 -Duser.country=US -Duser.language=en -Duser.variant -javaagent:C:\Users\Ankit\.gradle\wrapper\dists\gradle-8.13-bin\5xuhj0ry160q40clulazy9h7d\gradle-8.13\lib\agents\gradle-instrumentation-agent-8.13.jar 
java_command: org.gradle.launcher.daemon.bootstrap.GradleDaemon 8.13
java_class_path (initial): C:\Users\Ankit\.gradle\wrapper\dists\gradle-8.13-bin\5xuhj0ry160q40clulazy9h7d\gradle-8.13\lib\gradle-daemon-main-8.13.jar
Launcher Type: SUN_STANDARD

[Global flags]
     intx CICompilerCount                          = 4                                         {product} {ergonomic}
     uint ConcGCThreads                            = 2                                         {product} {ergonomic}
     uint G1ConcRefinementThreads                  = 8                                         {product} {ergonomic}
   size_t G1HeapRegionSize                         = 1048576                                   {product} {ergonomic}
    uintx GCDrainStackTargetSize                   = 64                                        {product} {ergonomic}
   size_t InitialHeapSize                          = 266338304                                 {product} {ergonomic}
   size_t MarkStackSize                            = 4194304                                   {product} {ergonomic}
   size_t MaxHeapSize                              = 2147483648                                {product} {command line}
   size_t MaxNewSize                               = 1287651328                                {product} {ergonomic}
   size_t MinHeapDeltaBytes                        = 1048576                                   {product} {ergonomic}
   size_t MinHeapSize                              = 8388608                                   {product} {ergonomic}
    uintx NonNMethodCodeHeapSize                   = 5839372                                {pd product} {ergonomic}
    uintx NonProfiledCodeHeapSize                  = 122909434                              {pd product} {ergonomic}
    uintx ProfiledCodeHeapSize                     = 122909434                              {pd product} {ergonomic}
    uintx ReservedCodeCacheSize                    = 251658240                              {pd product} {ergonomic}
     bool SegmentedCodeCache                       = true                                      {product} {ergonomic}
   size_t SoftMaxHeapSize                          = 2147483648                             {manageable} {ergonomic}
     bool UseCompressedOops                        = true                           {product lp64_product} {ergonomic}
     bool UseG1GC                                  = true                                      {product} {ergonomic}
     bool UseLargePagesIndividualAllocation        = false                                  {pd product} {ergonomic}

Logging:
Log output configuration:
 #0: stdout all=warning uptime,level,tags foldmultilines=false
 #1: stderr all=off uptime,level,tags foldmultilines=false

Environment Variables:
JAVA_HOME=C:\Program Files\Java\jdk-22
PATH=C:\Program Files\Java\jdk-22\bin;C:\Program Files\Python312\Scripts\;C:\Program Files\Python312\;C:\oraclexe\app\oracle\product\11.2.0\server\bin;C:\WINDOWS\system32;C:\WINDOWS;C:\WINDOWS\System32\Wbem;C:\WINDOWS\System32\WindowsPowerShell\v1.0\;C:\WINDOWS\System32\OpenSSH\;C:\MinGW\bin;C:\Program Files\Java\jdk-22\bin;C:\Program Files\MySQL\MySQL Server 8.0\bin;C:\Program Files\dotnet\;C:\Program Files (x86)\Windows Kits\10\Windows Performance Toolkit\;C:\Program Files\Python312\Scripts;python C:\Users\Ankit\AppData\Roaming\Python\Python312\Scripts\pyinstaller.py --onefile my_program.py;C:\Program Files\nodejs\;C:\Program Files\Java\jdk-22\bin;C:\Program Files\Git\cmd;C:\Program Files\Java\jdk-22\bin;C:\Users\Ankit\Downloads\geckodriver-v0.34.0-win32;C:\Users\Ankit\AppData\Local\Programs\Python\Launcher\;C:\Users\Ankit\AppData\Local\Programs\Python\Python37\Scripts\;C:\Users\Ankit\AppData\Local\Programs\Python\Python37\;C:\Program Files\MySQL\MySQL Shell 8.0\bin\;C:\Users\Ankit\AppData\Local\Microsoft\WindowsApps;C:\Users\Ankit\AppData\Local\Programs\Microsoft VS Code\bin;C:\Users\Ankit\AppData\Local\GitHubDesktop\bin;C:\ProgramData\Ankit\GitHubDesktop\bin;C:\Program Files\Python312\Scripts;C:\Program Files\Python312;C:\Users\Ankit\AppData\Roaming\npm;C:\Program Files\nodejs;C:\Program Files (x86)\MongoDB Atlas CLI;C:\Program Files\Git\cmd;C:\Program Files\Git\bin;C:\flutter\bin;C:\flutter\bin;C:\Users\Ankit\AppData\Roaming\Python\Python312\Scripts;C:\Program Files\windows_10_cmake_Release_Graphviz-13.1.0-win32\Graphviz-13.1.0-win32\bin;C:\Program Files\Java\jdk1.8.0_202\bin;C:\Program Files\Java\jdk-22\bin;
USERNAME=Ankit
OS=Windows_NT
PROCESSOR_IDENTIFIER=Intel64 Family 6 Model 140 Stepping 1, GenuineIntel
TMP=C:\Users\Ankit\AppData\Local\Temp
TEMP=C:\Users\Ankit\AppData\Local\Temp




Periodic native trim disabled

JNI global refs:
JNI global refs: 24, weak refs: 0

JNI global refs memory usage: 835, weak refs: 833

Process memory usage:
Resident Set Size: 238720K (1% of 16551208K total physical memory with 1774352K free physical memory)

OOME stack traces (most recent first):
Classloader memory used:
Loader org.gradle.internal.classloader.VisitableURLClassLoader                         : 22602K
Loader bootstrap                                                                       : 20519K
Loader org.gradle.initialization.MixInLegacyTypesClassLoader                           : 3292K
Loader jdk.internal.loader.ClassLoaders$PlatformClassLoader                            : 498K
Loader jdk.internal.loader.ClassLoaders$AppClassLoader                                 : 235K
Loader org.gradle.internal.classloader.VisitableURLClassLoader                         : 3592B

Classes loaded by more than one classloader:
Class org.gradle.internal.classloader.FilteringClassLoader                            : loaded 2 times (x 101B)
Class org.gradle.internal.classloader.ClassLoaderHierarchy                            : loaded 2 times (x 66B)
Class org.gradle.api.internal.classpath.ManifestUtil                                  : loaded 2 times (x 67B)
Class org.gradle.internal.classloader.DefaultClassLoaderFactory                       : loaded 2 times (x 78B)
Class org.gradle.internal.classloader.ClassLoaderVisitor                              : loaded 2 times (x 72B)
Class org.gradle.api.internal.classpath.EffectiveClassPath                            : loaded 2 times (x 86B)
Class org.gradle.api.internal.DefaultClassPathProvider                                : loaded 2 times (x 72B)
Class [Lorg.gradle.api.internal.ClassPathProvider;                                    : loaded 2 times (x 65B)
Class org.gradle.api.internal.ClassPathProvider                                       : loaded 2 times (x 66B)
Class org.gradle.internal.service.UnknownServiceException                             : loaded 2 times (x 79B)
Class org.gradle.internal.classpath.TransformedClassPath                              : loaded 2 times (x 92B)
Class org.gradle.internal.classloader.InstrumentingClassLoader                        : loaded 2 times (x 66B)
Class org.gradle.internal.service.ServiceLocator                                      : loaded 2 times (x 66B)
Class org.gradle.internal.InternalTransformer                                         : loaded 2 times (x 66B)
Class org.gradle.internal.classloader.ClasspathUtil$1                                 : loaded 2 times (x 72B)
Class org.gradle.api.internal.classpath.DefaultModuleRegistry$DefaultModule           : loaded 2 times (x 82B)
Class org.gradle.api.internal.classpath.Module                                        : loaded 2 times (x 66B)
Class org.gradle.api.internal.classpath.UnknownModuleException                        : loaded 2 times (x 78B)
Class org.gradle.api.internal.DefaultClassPathRegistry                                : loaded 2 times (x 72B)
Class org.gradle.api.internal.ClassPathRegistry                                       : loaded 2 times (x 66B)
Class org.gradle.internal.classpath.DefaultClassPath$ImmutableUniqueList              : loaded 2 times (x 195B)
Class org.gradle.internal.classpath.ClassPath                                         : loaded 2 times (x 66B)
Class org.gradle.api.UncheckedIOException                                             : loaded 2 times (x 78B)
Class org.gradle.internal.installation.GradleInstallation$1                           : loaded 2 times (x 71B)
Class org.gradle.api.internal.classpath.ModuleRegistry                                : loaded 2 times (x 66B)
Class org.gradle.api.internal.classpath.DefaultModuleRegistry                         : loaded 2 times (x 82B)
Class org.gradle.internal.service.ServiceLookupException                              : loaded 2 times (x 78B)
Class org.gradle.internal.classloader.ClassLoaderFactory                              : loaded 2 times (x 66B)
Class org.gradle.internal.service.CachingServiceLocator                               : loaded 2 times (x 78B)
Class org.gradle.internal.classloader.ClasspathUtil                                   : loaded 2 times (x 67B)
Class org.gradle.api.specs.Spec                                                       : loaded 2 times (x 66B)
Class org.gradle.internal.classloader.VisitableURLClassLoader$InstrumentingVisitableURLClassLoader: loaded 2 times (x 119B)
Class org.gradle.internal.classloader.VisitableURLClassLoader$Spec                    : loaded 2 times (x 70B)
Class org.gradle.internal.classpath.DefaultClassPath                                  : loaded 2 times (x 86B)
Class org.gradle.internal.classloader.ClassLoaderSpec                                 : loaded 2 times (x 67B)
Class org.gradle.internal.classloader.VisitableURLClassLoader                         : loaded 2 times (x 113B)
Class org.gradle.internal.Cast                                                        : loaded 2 times (x 67B)
Class org.gradle.api.Action                                                           : loaded 2 times (x 66B)
Class org.gradle.internal.classpath.DefaultClassPath$ImmutableUniqueList$Builder      : loaded 2 times (x 71B)
Class org.gradle.api.GradleException                                                  : loaded 2 times (x 78B)
Class org.gradle.internal.IoActions                                                   : loaded 2 times (x 67B)
Class org.gradle.internal.classloader.SystemClassLoaderSpec                           : loaded 2 times (x 67B)
Class org.gradle.api.internal.classpath.GlobalCacheRootsProvider                      : loaded 2 times (x 66B)
Class org.gradle.internal.installation.CurrentGradleInstallationLocator               : loaded 2 times (x 67B)
Class org.gradle.internal.service.DefaultServiceLocator                               : loaded 2 times (x 79B)
Class org.gradle.internal.installation.CurrentGradleInstallation                      : loaded 2 times (x 69B)
Class org.gradle.util.internal.GUtil                                                  : loaded 2 times (x 67B)
Class org.gradle.internal.installation.GradleInstallation                             : loaded 2 times (x 71B)

---------------  S Y S T E M  ---------------

OS:
 Windows 11 , 64 bit Build 26100 (10.0.26100.7309)
OS uptime: 6 days 20:26 hours
Hyper-V role detected

CPU: total 8 (initial active 8) (4 cores per cpu, 2 threads per core) family 6 model 140 stepping 1 microcode 0xa4, cx8, cmov, fxsr, ht, mmx, 3dnowpref, sse, sse2, sse3, ssse3, sse4.1, sse4.2, popcnt, lzcnt, tsc, tscinvbit, avx, avx2, aes, erms, clmul, bmi1, bmi2, adx, avx512f, avx512dq, avx512cd, avx512bw, avx512vl, sha, fma, vzeroupper, avx512_vpopcntdq, avx512_vpclmulqdq, avx512_vaes, avx512_vnni, clflush, clflushopt, clwb, avx512_vbmi2, avx512_vbmi, hv, rdtscp, rdpid, fsrm, gfni, avx512_bitalg, f16c, cet_ibt, cet_ss, avx512_ifma
Processor Information for processor 0
  Max Mhz: 2803, Current Mhz: 2803, Mhz Limit: 2803
Processor Information for processor 1
  Max Mhz: 2803, Current Mhz: 2803, Mhz Limit: 2803
Processor Information for processor 2
  Max Mhz: 2803, Current Mhz: 2803, Mhz Limit: 2803
Processor Information for processor 3
  Max Mhz: 2803, Current Mhz: 2803, Mhz Limit: 2803
Processor Information for processor 4
  Max Mhz: 2803, Current Mhz: 2803, Mhz Limit: 2803
Processor Information for processor 5
  Max Mhz: 2803, Current Mhz: 2803, Mhz Limit: 2803
Processor Information for processor 6
  Max Mhz: 2803, Current Mhz: 1001, Mhz Limit: 2803
Processor Information for processor 7
  Max Mhz: 2803, Current Mhz: 1001, Mhz Limit: 2803

Memory: 4k page, system-wide physical 16163M (1730M free)
TotalPageFile size 26915M (AvailPageFile size 6685M)
current process WorkingSet (physical memory assigned to process): 233M, peak: 234M
current process commit charge ("private bytes"): 268M, peak: 384M

vm_info: OpenJDK 64-Bit Server VM (21.0.6+-13391695-b895.109) for windows-amd64 JRE (21.0.6+-13391695-b895.109), built on 2025-04-22T21:19:17Z by "builder" with MS VC++ 16.10 / 16.11 (VS2019)

END.
